<?xml version="1.0" encoding="UTF-8"?>
<!-- Generated by org.testng.reporters.JUnitXMLReporter -->
<testsuite hostname="upes-500037676" ignored="0" name="Test" tests="1" failures="1" timestamp="21 Nov 2020 05:42:51 GMT" time="0.189" errors="0">
  <testcase name="Customerpage" time="0.017" classname="Testcase.HomePageTest">
    <failure type="java.lang.NullPointerException">
      <![CDATA[java.lang.NullPointerException
	at org.openqa.selenium.support.pagefactory.DefaultElementLocator.findElement(DefaultElementLocator.java:69)
	at org.openqa.selenium.support.pagefactory.internal.LocatingElementHandler.invoke(LocatingElementHandler.java:38)
	at com.sun.proxy.$Proxy8.click(Unknown Source)
	at Page.HomePageClass.Customerbtn1(HomePageClass.java:33)
	at Testcase.HomePageTest.Customerpage(HomePageTest.java:39)
... Removed 25 stack frames]]>
    </failure>
  </testcase> <!-- Customerpage -->
</testsuite> <!-- Test -->
